Using pre-set license
Built from '2020.3/release' branch; Version is '2020.3.2f1 (8fd9074bf66c) revision 9427207'; Using compiler version '192528614'; Build Type 'Release'
OS: 'Windows 10 Home; OS build 19041.1052; Version 2004; 64bit' Language: 'en' Physical Memory: 16111 MB
BatchMode: 1, IsHumanControllingUs: 0, StartBugReporterOnCrash: 0, Is64bit: 1, IsPro: 0

 COMMAND LINE ARGUMENTS:
C:\Program Files\Unity\Hub\Editor\2020.3.2f1\Editor\Unity.exe
-adb2
-batchMode
-noUpm
-name
AssetImportWorker0
-projectPath
C:/Users/samle/OneDrive/Documents/GitHub/NetworkPartyGame/NetworkPartyGame
-logFile
Logs/AssetImportWorker0.log
-srvPort
54253
Successfully changed project path to: C:/Users/samle/OneDrive/Documents/GitHub/NetworkPartyGame/NetworkPartyGame
C:/Users/samle/OneDrive/Documents/GitHub/NetworkPartyGame/NetworkPartyGame
Using Asset Import Pipeline V2.
Refreshing native plugins compatible for Editor in 144.74 ms, found 0 plugins.
Preloading 0 native plugins for Editor in 0.00 ms.
Initialize engine version: 2020.3.2f1 (8fd9074bf66c)
[Subsystems] Discovering subsystems at path C:/Program Files/Unity/Hub/Editor/2020.3.2f1/Editor/Data/Resources/UnitySubsystems
[Subsystems] Discovering subsystems at path C:/Users/samle/OneDrive/Documents/GitHub/NetworkPartyGame/NetworkPartyGame/Assets
GfxDevice: creating device client; threaded=0
Direct3D:
    Version:  Direct3D 11.0 [level 11.1]
    Renderer: NVIDIA GeForce GTX 1650 (ID=0x1f91)
    Vendor:   
    VRAM:     3964 MB
    Driver:   27.21.14.6231
Initialize mono
Mono path[0] = 'C:/Program Files/Unity/Hub/Editor/2020.3.2f1/Editor/Data/Managed'
Mono path[1] = 'C:/Program Files/Unity/Hub/Editor/2020.3.2f1/Editor/Data/MonoBleedingEdge/lib/mono/unityjit'
Mono config path = 'C:/Program Files/Unity/Hub/Editor/2020.3.2f1/Editor/Data/MonoBleedingEdge/etc'
Using monoOptions --debugger-agent=transport=dt_socket,embedding=1,server=y,suspend=n,address=127.0.0.1:56656
Begin MonoManager ReloadAssembly
Registering precompiled unity dll's ...
Register platform support module: C:/Program Files/Unity/Hub/Editor/2020.3.2f1/Editor/Data/PlaybackEngines/WindowsStandaloneSupport/UnityEditor.WindowsStandalone.Extensions.dll
Registered in 0.007717 seconds.
Native extension for WindowsStandalone target not found
Refreshing native plugins compatible for Editor in 164.21 ms, found 0 plugins.
Preloading 0 native plugins for Editor in 0.00 ms.
Invoked RoslynAnalysisRunner static constructor.
RoslynAnalysisRunner will not be running.
RoslynAnalysisRunner has terminated.
Mono: successfully reloaded assembly
- Completed reload, in  5.451 seconds
Platform modules already initialized, skipping
Registering precompiled user dll's ...
Registered in 0.004181 seconds.
Begin MonoManager ReloadAssembly
Native extension for WindowsStandalone target not found
Refreshing native plugins compatible for Editor in 0.86 ms, found 0 plugins.
Preloading 0 native plugins for Editor in 0.00 ms.
Invoked RoslynAnalysisRunner static constructor.
RoslynAnalysisRunner will not be running.
RoslynAnalysisRunner has terminated.
Mono: successfully reloaded assembly
- Completed reload, in  2.578 seconds
Platform modules already initialized, skipping
========================================================================
Worker process is ready to serve import requests
Launched and connected shader compiler UnityShaderCompiler.exe after 0.09 seconds
Refreshing native plugins compatible for Editor in 0.62 ms, found 0 plugins.
Preloading 0 native plugins for Editor in 0.00 ms.
Unloading 2031 Unused Serialized files (Serialized files now loaded: 0)
System memory in use before: 104.7 MB.
System memory in use after: 104.1 MB.

Unloading 125 unused Assets to reduce memory usage. Loaded Objects now: 2471.
Total: 4.075600 ms (FindLiveObjects: 0.337000 ms CreateObjectMapping: 0.143700 ms MarkObjects: 2.936400 ms  DeleteObjects: 0.656900 ms)

========================================================================
Received Import Request.
  path: Assets/Scripts/ThirdPersonController.cs
  artifactKey: Guid(4e42806ef2216cf469cd85b136c42c09) Importer(815301076,1909f56bfc062723c751e8b465ee728b)
Start importing Assets/Scripts/ThirdPersonController.cs using Guid(4e42806ef2216cf469cd85b136c42c09) Importer(815301076,1909f56bfc062723c751e8b465ee728b)  -> (artifact id: '727bf0118da49e5d642101b56655548b') in 0.084153 seconds
  Import took 0.090109 seconds .

========================================================================
Received Import Request.
  Time since last request: 1534.326834 seconds.
  path: Assets/BrokenVector/UltimateDungeonPack/Palettes/Mage_Room.png
  artifactKey: Guid(fbdc28b4a3304bb4185e640c32ffc5c5) Importer(815301076,1909f56bfc062723c751e8b465ee728b)
Start importing Assets/BrokenVector/UltimateDungeonPack/Palettes/Mage_Room.png using Guid(fbdc28b4a3304bb4185e640c32ffc5c5) Importer(815301076,1909f56bfc062723c751e8b465ee728b)  -> (artifact id: '4d20f75f84241a411b9aa7e4ff5f2468') in 0.313246 seconds
  Import took 0.325284 seconds .

========================================================================
Received Import Request.
  Time since last request: 1.594847 seconds.
  path: Assets/Scripts/RoomManager.cs
  artifactKey: Guid(647e8b511d2c95b45bf0c9487b1c340e) Importer(815301076,1909f56bfc062723c751e8b465ee728b)
Start importing Assets/Scripts/RoomManager.cs using Guid(647e8b511d2c95b45bf0c9487b1c340e) Importer(815301076,1909f56bfc062723c751e8b465ee728b)  -> (artifact id: '65fe2fecda22a5ea03593198569b709c') in 0.026401 seconds
  Import took 0.047986 seconds .

========================================================================
Received Import Request.
  Time since last request: 0.020899 seconds.
  path: Assets/Scripts/RoomManager.cs
  artifactKey: Guid(647e8b511d2c95b45bf0c9487b1c340e) Importer(815301076,1909f56bfc062723c751e8b465ee728b)
Start importing Assets/Scripts/RoomManager.cs using Guid(647e8b511d2c95b45bf0c9487b1c340e) Importer(815301076,1909f56bfc062723c751e8b465ee728b)  -> (artifact id: '65fe2fecda22a5ea03593198569b709c') in 0.012393 seconds
  Import took 0.024348 seconds .

========================================================================
Received Prepare
Registering precompiled user dll's ...
Registered in 0.004061 seconds.
Begin MonoManager ReloadAssembly
Native extension for WindowsStandalone target not found
Refreshing native plugins compatible for Editor in 1.14 ms, found 0 plugins.
Preloading 0 native plugins for Editor in 0.00 ms.
Warning: Annotation not found!
UnityEngine.StackTraceUtility:ExtractStackTrace ()
UnityEditor.ProBuilder.EditorUtility:SetGizmoIconEnabled (System.Type,bool) (at Library/PackageCache/com.unity.probuilder@4.5.0/Editor/EditorCore/EditorUtility.cs:593)
UnityEditor.ProBuilder.HierarchyListener:.cctor () (at Library/PackageCache/com.unity.probuilder@4.5.0/Editor/EditorCore/HierarchyListener.cs:21)
System.Runtime.CompilerServices.RuntimeHelpers:RunClassConstructor (System.RuntimeTypeHandle)
UnityEditor.EditorAssemblies:ProcessInitializeOnLoadAttributes (System.Type[])

[Library/PackageCache/com.unity.probuilder@4.5.0/Editor/EditorCore/EditorUtility.cs line 593]

Invoked RoslynAnalysisRunner static constructor.
RoslynAnalysisRunner will not be running.
RoslynAnalysisRunner has terminated.
Mono: successfully reloaded assembly
- Completed reload, in  2.452 seconds
Platform modules already initialized, skipping
Refreshing native plugins compatible for Editor in 1.24 ms, found 0 plugins.
Preloading 0 native plugins for Editor in 0.00 ms.
Unloading 1950 Unused Serialized files (Serialized files now loaded: 0)
System memory in use before: 97.2 MB.
System memory in use after: 96.7 MB.

Unloading 13 unused Assets to reduce memory usage. Loaded Objects now: 2477.
Total: 9.075700 ms (FindLiveObjects: 0.985200 ms CreateObjectMapping: 0.432100 ms MarkObjects: 6.103700 ms  DeleteObjects: 1.550800 ms)

========================================================================
Received Import Request.
  Time since last request: 319.853841 seconds.
  path: Assets/Scripts/RoomManager.cs
  artifactKey: Guid(647e8b511d2c95b45bf0c9487b1c340e) Importer(815301076,1909f56bfc062723c751e8b465ee728b)
Start importing Assets/Scripts/RoomManager.cs using Guid(647e8b511d2c95b45bf0c9487b1c340e) Importer(815301076,1909f56bfc062723c751e8b465ee728b)  -> (artifact id: '3fa18b8d792d769e0f96df4c2daac135') in 0.017247 seconds
  Import took 0.040076 seconds .

========================================================================
Received Import Request.
  Time since last request: 0.001860 seconds.
  path: Assets/Scripts/RoomManager.cs
  artifactKey: Guid(647e8b511d2c95b45bf0c9487b1c340e) Importer(815301076,1909f56bfc062723c751e8b465ee728b)
Start importing Assets/Scripts/RoomManager.cs using Guid(647e8b511d2c95b45bf0c9487b1c340e) Importer(815301076,1909f56bfc062723c751e8b465ee728b)  -> (artifact id: '3fa18b8d792d769e0f96df4c2daac135') in 0.008103 seconds
  Import took 0.018821 seconds .

========================================================================
Received Import Request.
  Time since last request: 13.287612 seconds.
  path: Assets/Scripts/TeamMember.cs
  artifactKey: Guid(988bf0115a3f2f34b893010a52322d86) Importer(815301076,1909f56bfc062723c751e8b465ee728b)
Start importing Assets/Scripts/TeamMember.cs using Guid(988bf0115a3f2f34b893010a52322d86) Importer(815301076,1909f56bfc062723c751e8b465ee728b)  -> (artifact id: '9f04810bbf453545c2f0dd0edc57b2f3') in 0.021643 seconds
  Import took 0.044650 seconds .

========================================================================
Received Import Request.
  Time since last request: 0.025551 seconds.
  path: Assets/Scripts/TeamMember.cs
  artifactKey: Guid(988bf0115a3f2f34b893010a52322d86) Importer(815301076,1909f56bfc062723c751e8b465ee728b)
Start importing Assets/Scripts/TeamMember.cs using Guid(988bf0115a3f2f34b893010a52322d86) Importer(815301076,1909f56bfc062723c751e8b465ee728b)  -> (artifact id: '9f04810bbf453545c2f0dd0edc57b2f3') in 0.010622 seconds
  Import took 0.022118 seconds .

========================================================================
Received Import Request.
  Time since last request: 28.823529 seconds.
  path: Assets/Scripts/Launcher.cs
  artifactKey: Guid(39b659feeb4130d458d53e9fc08a51f5) Importer(815301076,1909f56bfc062723c751e8b465ee728b)
Start importing Assets/Scripts/Launcher.cs using Guid(39b659feeb4130d458d53e9fc08a51f5) Importer(815301076,1909f56bfc062723c751e8b465ee728b)  -> (artifact id: '61b1dd2ece11172fc82717d02143ea31') in 0.015427 seconds
  Import took 0.032587 seconds .

========================================================================
Received Import Request.
  Time since last request: 0.004656 seconds.
  path: Assets/Scripts/Launcher.cs
  artifactKey: Guid(39b659feeb4130d458d53e9fc08a51f5) Importer(815301076,1909f56bfc062723c751e8b465ee728b)
Start importing Assets/Scripts/Launcher.cs using Guid(39b659feeb4130d458d53e9fc08a51f5) Importer(815301076,1909f56bfc062723c751e8b465ee728b)  -> (artifact id: '61b1dd2ece11172fc82717d02143ea31') in 0.004072 seconds
  Import took 0.009743 seconds .

========================================================================
Received Prepare
Refreshing native plugins compatible for Editor in 5.18 ms, found 0 plugins.
Preloading 0 native plugins for Editor in 0.00 ms.
Unloading 10 Unused Serialized files (Serialized files now loaded: 0)
System memory in use before: 58.2 MB.
System memory in use after: 57.7 MB.

Unloading 10 unused Assets to reduce memory usage. Loaded Objects now: 2477.
Total: 3.264700 ms (FindLiveObjects: 0.204500 ms CreateObjectMapping: 0.074300 ms MarkObjects: 2.649600 ms  DeleteObjects: 0.335200 ms)

========================================================================
Received Prepare
Registering precompiled user dll's ...
Registered in 0.003022 seconds.
Begin MonoManager ReloadAssembly
Native extension for WindowsStandalone target not found
Refreshing native plugins compatible for Editor in 0.85 ms, found 0 plugins.
Preloading 0 native plugins for Editor in 0.00 ms.
Warning: Annotation not found!
UnityEngine.StackTraceUtility:ExtractStackTrace ()
UnityEditor.ProBuilder.EditorUtility:SetGizmoIconEnabled (System.Type,bool) (at Library/PackageCache/com.unity.probuilder@4.5.0/Editor/EditorCore/EditorUtility.cs:593)
UnityEditor.ProBuilder.HierarchyListener:.cctor () (at Library/PackageCache/com.unity.probuilder@4.5.0/Editor/EditorCore/HierarchyListener.cs:21)
System.Runtime.CompilerServices.RuntimeHelpers:RunClassConstructor (System.RuntimeTypeHandle)
UnityEditor.EditorAssemblies:ProcessInitializeOnLoadAttributes (System.Type[])

[Library/PackageCache/com.unity.probuilder@4.5.0/Editor/EditorCore/EditorUtility.cs line 593]

Invoked RoslynAnalysisRunner static constructor.
RoslynAnalysisRunner will not be running.
RoslynAnalysisRunner has terminated.
Mono: successfully reloaded assembly
- Completed reload, in  1.047 seconds
Platform modules already initialized, skipping
Refreshing native plugins compatible for Editor in 0.48 ms, found 0 plugins.
Preloading 0 native plugins for Editor in 0.00 ms.
Unloading 1949 Unused Serialized files (Serialized files now loaded: 0)
System memory in use before: 97.2 MB.
System memory in use after: 96.7 MB.

Unloading 13 unused Assets to reduce memory usage. Loaded Objects now: 2480.
Total: 3.883100 ms (FindLiveObjects: 0.215400 ms CreateObjectMapping: 0.098700 ms MarkObjects: 3.133400 ms  DeleteObjects: 0.434400 ms)

========================================================================
Received Prepare
Registering precompiled user dll's ...
Registered in 0.002612 seconds.
Begin MonoManager ReloadAssembly
Native extension for WindowsStandalone target not found
Refreshing native plugins compatible for Editor in 0.42 ms, found 0 plugins.
Preloading 0 native plugins for Editor in 0.00 ms.
Warning: Annotation not found!
UnityEngine.StackTraceUtility:ExtractStackTrace ()
UnityEditor.ProBuilder.EditorUtility:SetGizmoIconEnabled (System.Type,bool) (at Library/PackageCache/com.unity.probuilder@4.5.0/Editor/EditorCore/EditorUtility.cs:593)
UnityEditor.ProBuilder.HierarchyListener:.cctor () (at Library/PackageCache/com.unity.probuilder@4.5.0/Editor/EditorCore/HierarchyListener.cs:21)
System.Runtime.CompilerServices.RuntimeHelpers:RunClassConstructor (System.RuntimeTypeHandle)
UnityEditor.EditorAssemblies:ProcessInitializeOnLoadAttributes (System.Type[])

[Library/PackageCache/com.unity.probuilder@4.5.0/Editor/EditorCore/EditorUtility.cs line 593]

Invoked RoslynAnalysisRunner static constructor.
RoslynAnalysisRunner will not be running.
RoslynAnalysisRunner has terminated.
Mono: successfully reloaded assembly
- Completed reload, in  0.849 seconds
Platform modules already initialized, skipping
Refreshing native plugins compatible for Editor in 0.44 ms, found 0 plugins.
Preloading 0 native plugins for Editor in 0.00 ms.
Unloading 1949 Unused Serialized files (Serialized files now loaded: 0)
System memory in use before: 97.2 MB.
System memory in use after: 96.7 MB.

Unloading 13 unused Assets to reduce memory usage. Loaded Objects now: 2483.
Total: 8.050600 ms (FindLiveObjects: 0.511900 ms CreateObjectMapping: 0.290000 ms MarkObjects: 6.378400 ms  DeleteObjects: 0.867700 ms)

========================================================================
Received Prepare
Registering precompiled user dll's ...
Registered in 0.002403 seconds.
Begin MonoManager ReloadAssembly
Native extension for WindowsStandalone target not found
Refreshing native plugins compatible for Editor in 0.43 ms, found 0 plugins.
Preloading 0 native plugins for Editor in 0.00 ms.
Warning: Annotation not found!
UnityEngine.StackTraceUtility:ExtractStackTrace ()
UnityEditor.ProBuilder.EditorUtility:SetGizmoIconEnabled (System.Type,bool) (at Library/PackageCache/com.unity.probuilder@4.5.0/Editor/EditorCore/EditorUtility.cs:593)
UnityEditor.ProBuilder.HierarchyListener:.cctor () (at Library/PackageCache/com.unity.probuilder@4.5.0/Editor/EditorCore/HierarchyListener.cs:21)
System.Runtime.CompilerServices.RuntimeHelpers:RunClassConstructor (System.RuntimeTypeHandle)
UnityEditor.EditorAssemblies:ProcessInitializeOnLoadAttributes (System.Type[])

[Library/PackageCache/com.unity.probuilder@4.5.0/Editor/EditorCore/EditorUtility.cs line 593]

Invoked RoslynAnalysisRunner static constructor.
RoslynAnalysisRunner will not be running.
RoslynAnalysisRunner has terminated.
Mono: successfully reloaded assembly
- Completed reload, in  0.843 seconds
Platform modules already initialized, skipping
Refreshing native plugins compatible for Editor in 0.49 ms, found 0 plugins.
Preloading 0 native plugins for Editor in 0.00 ms.
Unloading 1949 Unused Serialized files (Serialized files now loaded: 0)
System memory in use before: 97.2 MB.
System memory in use after: 96.8 MB.

Unloading 13 unused Assets to reduce memory usage. Loaded Objects now: 2486.
Total: 2.790600 ms (FindLiveObjects: 0.398600 ms CreateObjectMapping: 0.094000 ms MarkObjects: 1.935900 ms  DeleteObjects: 0.360900 ms)

========================================================================
Received Import Request.
  Time since last request: 2266.356157 seconds.
  path: Assets/Prefabs/material1.mat
  artifactKey: Guid(eff5dd5b9bdf9c040b3d71d31dfe0328) Importer(815301076,1909f56bfc062723c751e8b465ee728b)
Start importing Assets/Prefabs/material1.mat using Guid(eff5dd5b9bdf9c040b3d71d31dfe0328) Importer(815301076,1909f56bfc062723c751e8b465ee728b)  -> (artifact id: '043bc0dd7bd69eb7448f07f647e7b56c') in 0.089707 seconds
  Import took 0.095419 seconds .

========================================================================
Received Import Request.
  Time since last request: 0.000295 seconds.
  path: Assets/Prefabs/PlayerListItem.prefab
  artifactKey: Guid(d11edb5dbb901db49a659dace16ad395) Importer(815301076,1909f56bfc062723c751e8b465ee728b)
Start importing Assets/Prefabs/PlayerListItem.prefab using Guid(d11edb5dbb901db49a659dace16ad395) Importer(815301076,1909f56bfc062723c751e8b465ee728b)  -> (artifact id: 'ca936c7a276e50578b8c48a4db678c3e') in 0.058078 seconds
  Import took 0.061720 seconds .

========================================================================
Received Import Request.
  Time since last request: 0.000243 seconds.
  path: Assets/Prefabs/material1.mat
  artifactKey: Guid(eff5dd5b9bdf9c040b3d71d31dfe0328) Importer(815301076,1909f56bfc062723c751e8b465ee728b)
Start importing Assets/Prefabs/material1.mat using Guid(eff5dd5b9bdf9c040b3d71d31dfe0328) Importer(815301076,1909f56bfc062723c751e8b465ee728b)  -> (artifact id: '043bc0dd7bd69eb7448f07f647e7b56c') in 0.006852 seconds
  Import took 0.009570 seconds .

========================================================================
Received Prepare
Registering precompiled user dll's ...
Registered in 0.002465 seconds.
Begin MonoManager ReloadAssembly
Native extension for WindowsStandalone target not found
Refreshing native plugins compatible for Editor in 0.48 ms, found 0 plugins.
Preloading 0 native plugins for Editor in 0.00 ms.
Warning: Annotation not found!
UnityEngine.StackTraceUtility:ExtractStackTrace ()
UnityEditor.ProBuilder.EditorUtility:SetGizmoIconEnabled (System.Type,bool) (at Library/PackageCache/com.unity.probuilder@4.5.0/Editor/EditorCore/EditorUtility.cs:593)
UnityEditor.ProBuilder.HierarchyListener:.cctor () (at Library/PackageCache/com.unity.probuilder@4.5.0/Editor/EditorCore/HierarchyListener.cs:21)
System.Runtime.CompilerServices.RuntimeHelpers:RunClassConstructor (System.RuntimeTypeHandle)
UnityEditor.EditorAssemblies:ProcessInitializeOnLoadAttributes (System.Type[])

[Library/PackageCache/com.unity.probuilder@4.5.0/Editor/EditorCore/EditorUtility.cs line 593]

Invoked RoslynAnalysisRunner static constructor.
RoslynAnalysisRunner will not be running.
RoslynAnalysisRunner has terminated.
Mono: successfully reloaded assembly
- Completed reload, in  0.851 seconds
Platform modules already initialized, skipping
Refreshing native plugins compatible for Editor in 0.44 ms, found 0 plugins.
Preloading 0 native plugins for Editor in 0.00 ms.
Unloading 1949 Unused Serialized files (Serialized files now loaded: 0)
System memory in use before: 100.4 MB.
System memory in use after: 99.9 MB.

Unloading 15 unused Assets to reduce memory usage. Loaded Objects now: 2529.
Total: 2.740900 ms (FindLiveObjects: 0.200700 ms CreateObjectMapping: 0.075900 ms MarkObjects: 2.137200 ms  DeleteObjects: 0.325500 ms)

========================================================================
Received Import Request.
  Time since last request: 61.480381 seconds.
  path: Assets/Prefabs/PlayerListItem.prefab
  artifactKey: Guid(d11edb5dbb901db49a659dace16ad395) Importer(815301076,1909f56bfc062723c751e8b465ee728b)
Start importing Assets/Prefabs/PlayerListItem.prefab using Guid(d11edb5dbb901db49a659dace16ad395) Importer(815301076,1909f56bfc062723c751e8b465ee728b)  -> (artifact id: '773460e8076ad00a82d6521f689ee8df') in 0.074026 seconds
  Import took 0.086081 seconds .

========================================================================
Received Import Request.
  Time since last request: 2.764367 seconds.
  path: Assets/Prefabs/PlayerListItem.prefab
  artifactKey: Guid(d11edb5dbb901db49a659dace16ad395) Importer(815301076,1909f56bfc062723c751e8b465ee728b)
Start importing Assets/Prefabs/PlayerListItem.prefab using Guid(d11edb5dbb901db49a659dace16ad395) Importer(815301076,1909f56bfc062723c751e8b465ee728b)  -> (artifact id: '3e68f2a13b4ed88316a03f12edd9fcd8') in 0.006862 seconds
  Import took 0.011070 seconds .

========================================================================
Received Import Request.
  Time since last request: 8.023097 seconds.
  path: Assets/Prefabs/PlayerListItem.prefab
  artifactKey: Guid(d11edb5dbb901db49a659dace16ad395) Importer(815301076,1909f56bfc062723c751e8b465ee728b)
Start importing Assets/Prefabs/PlayerListItem.prefab using Guid(d11edb5dbb901db49a659dace16ad395) Importer(815301076,1909f56bfc062723c751e8b465ee728b)  -> (artifact id: 'fd9875669ffbdc6721c87e77809dc7d8') in 0.006489 seconds
  Import took 0.011094 seconds .

========================================================================
Received Import Request.
  Time since last request: 9.460083 seconds.
  path: Assets/Prefabs/PlayerListItem.prefab
  artifactKey: Guid(d11edb5dbb901db49a659dace16ad395) Importer(815301076,1909f56bfc062723c751e8b465ee728b)
Start importing Assets/Prefabs/PlayerListItem.prefab using Guid(d11edb5dbb901db49a659dace16ad395) Importer(815301076,1909f56bfc062723c751e8b465ee728b)  -> (artifact id: '9b871b7efcb8779edae73d4f0027553f') in 0.006662 seconds
  Import took 0.010442 seconds .

========================================================================
Received Import Request.
  Time since last request: 7.243624 seconds.
  path: Assets/Prefabs/PlayerListItem.prefab
  artifactKey: Guid(d11edb5dbb901db49a659dace16ad395) Importer(815301076,1909f56bfc062723c751e8b465ee728b)
Start importing Assets/Prefabs/PlayerListItem.prefab using Guid(d11edb5dbb901db49a659dace16ad395) Importer(815301076,1909f56bfc062723c751e8b465ee728b)  -> (artifact id: '6d7fe21e9ec5b74ff225dfcab2f12962') in 0.007294 seconds
  Import took 0.011594 seconds .

========================================================================
Received Import Request.
  Time since last request: 6.224648 seconds.
  path: Assets/Prefabs/PlayerListItem.prefab
  artifactKey: Guid(d11edb5dbb901db49a659dace16ad395) Importer(815301076,1909f56bfc062723c751e8b465ee728b)
Start importing Assets/Prefabs/PlayerListItem.prefab using Guid(d11edb5dbb901db49a659dace16ad395) Importer(815301076,1909f56bfc062723c751e8b465ee728b)  -> (artifact id: 'a88dd9bf487a00c7cf08c6dee48cdd7f') in 0.006722 seconds
  Import took 0.010396 seconds .

========================================================================
Received Prepare
Registering precompiled user dll's ...
Registered in 0.003186 seconds.
Begin MonoManager ReloadAssembly
Native extension for WindowsStandalone target not found
Refreshing native plugins compatible for Editor in 0.42 ms, found 0 plugins.
Preloading 0 native plugins for Editor in 0.00 ms.
Warning: Annotation not found!
UnityEngine.StackTraceUtility:ExtractStackTrace ()
UnityEditor.ProBuilder.EditorUtility:SetGizmoIconEnabled (System.Type,bool) (at Library/PackageCache/com.unity.probuilder@4.5.0/Editor/EditorCore/EditorUtility.cs:593)
UnityEditor.ProBuilder.HierarchyListener:.cctor () (at Library/PackageCache/com.unity.probuilder@4.5.0/Editor/EditorCore/HierarchyListener.cs:21)
System.Runtime.CompilerServices.RuntimeHelpers:RunClassConstructor (System.RuntimeTypeHandle)
UnityEditor.EditorAssemblies:ProcessInitializeOnLoadAttributes (System.Type[])

[Library/PackageCache/com.unity.probuilder@4.5.0/Editor/EditorCore/EditorUtility.cs line 593]

Invoked RoslynAnalysisRunner static constructor.
RoslynAnalysisRunner will not be running.
RoslynAnalysisRunner has terminated.
Mono: successfully reloaded assembly
- Completed reload, in  0.846 seconds
Platform modules already initialized, skipping
Refreshing native plugins compatible for Editor in 0.46 ms, found 0 plugins.
Preloading 0 native plugins for Editor in 0.00 ms.
Unloading 1949 Unused Serialized files (Serialized files now loaded: 0)
System memory in use before: 100.4 MB.
System memory in use after: 99.9 MB.

Unloading 15 unused Assets to reduce memory usage. Loaded Objects now: 2532.
Total: 2.667400 ms (FindLiveObjects: 0.199400 ms CreateObjectMapping: 0.066700 ms MarkObjects: 2.065700 ms  DeleteObjects: 0.334700 ms)

========================================================================
Received Import Request.
  Time since last request: 359.814443 seconds.
  path: Assets/Prefabs/PlayerListItem.prefab
  artifactKey: Guid(d11edb5dbb901db49a659dace16ad395) Importer(815301076,1909f56bfc062723c751e8b465ee728b)
Start importing Assets/Prefabs/PlayerListItem.prefab using Guid(d11edb5dbb901db49a659dace16ad395) Importer(815301076,1909f56bfc062723c751e8b465ee728b)  -> (artifact id: '71b9cfbf851f827b1d1b0955c7c31db1') in 0.068137 seconds
  Import took 0.081346 seconds .

========================================================================
Received Import Request.
  Time since last request: 0.615171 seconds.
  path: Assets/Prefabs/PlayerListItem.prefab
  artifactKey: Guid(d11edb5dbb901db49a659dace16ad395) Importer(815301076,1909f56bfc062723c751e8b465ee728b)
Start importing Assets/Prefabs/PlayerListItem.prefab using Guid(d11edb5dbb901db49a659dace16ad395) Importer(815301076,1909f56bfc062723c751e8b465ee728b)  -> (artifact id: '85b8e158a97939a2c5732479ba26068b') in 0.006802 seconds
  Import took 0.011088 seconds .

========================================================================
Received Import Request.
  Time since last request: 8.937220 seconds.
  path: Assets/Prefabs/PlayerListItem.prefab
  artifactKey: Guid(d11edb5dbb901db49a659dace16ad395) Importer(815301076,1909f56bfc062723c751e8b465ee728b)
Start importing Assets/Prefabs/PlayerListItem.prefab using Guid(d11edb5dbb901db49a659dace16ad395) Importer(815301076,1909f56bfc062723c751e8b465ee728b)  -> (artifact id: 'e88f24ab528740bc9f22b69613bfabdd') in 0.007987 seconds
  Import took 0.012297 seconds .

========================================================================
Received Import Request.
  Time since last request: 2.219752 seconds.
  path: Assets/Prefabs/PlayerListItem.prefab
  artifactKey: Guid(d11edb5dbb901db49a659dace16ad395) Importer(815301076,1909f56bfc062723c751e8b465ee728b)
Start importing Assets/Prefabs/PlayerListItem.prefab using Guid(d11edb5dbb901db49a659dace16ad395) Importer(815301076,1909f56bfc062723c751e8b465ee728b)  -> (artifact id: '90a8ddccc1562237c7903a90d068d41f') in 0.005988 seconds
  Import took 0.010773 seconds .

========================================================================
Received Import Request.
  Time since last request: 33.765058 seconds.
  path: Assets/Prefabs/PlayerListItem.prefab
  artifactKey: Guid(d11edb5dbb901db49a659dace16ad395) Importer(815301076,1909f56bfc062723c751e8b465ee728b)
Start importing Assets/Prefabs/PlayerListItem.prefab using Guid(d11edb5dbb901db49a659dace16ad395) Importer(815301076,1909f56bfc062723c751e8b465ee728b)  -> (artifact id: 'd8e41715392916f5017085d050866ef0') in 0.006345 seconds
  Import took 0.009901 seconds .

========================================================================
Received Import Request.
  Time since last request: 6.318859 seconds.
  path: Assets/Prefabs/PlayerListItem.prefab
  artifactKey: Guid(d11edb5dbb901db49a659dace16ad395) Importer(815301076,1909f56bfc062723c751e8b465ee728b)
Start importing Assets/Prefabs/PlayerListItem.prefab using Guid(d11edb5dbb901db49a659dace16ad395) Importer(815301076,1909f56bfc062723c751e8b465ee728b)  -> (artifact id: 'f26ab7632e20cae15111114c4dff5171') in 0.006469 seconds
  Import took 0.010225 seconds .

========================================================================
Received Import Request.
  Time since last request: 8.579192 seconds.
  path: Assets/Prefabs/PlayerListItem.prefab
  artifactKey: Guid(d11edb5dbb901db49a659dace16ad395) Importer(815301076,1909f56bfc062723c751e8b465ee728b)
Start importing Assets/Prefabs/PlayerListItem.prefab using Guid(d11edb5dbb901db49a659dace16ad395) Importer(815301076,1909f56bfc062723c751e8b465ee728b)  -> (artifact id: '9f9e63449b6bb9e4c7ea279fd49bcdcf') in 0.005912 seconds
  Import took 0.009932 seconds .

========================================================================
Received Import Request.
  Time since last request: 4.942474 seconds.
  path: Assets/Prefabs/PlayerListItem.prefab
  artifactKey: Guid(d11edb5dbb901db49a659dace16ad395) Importer(815301076,1909f56bfc062723c751e8b465ee728b)
Start importing Assets/Prefabs/PlayerListItem.prefab using Guid(d11edb5dbb901db49a659dace16ad395) Importer(815301076,1909f56bfc062723c751e8b465ee728b)  -> (artifact id: '2397ed91561b9e7cd9a957135cfc4afb') in 0.005888 seconds
  Import took 0.009551 seconds .

========================================================================
Received Import Request.
  Time since last request: 2.732893 seconds.
  path: Assets/Prefabs/PlayerListItem.prefab
  artifactKey: Guid(d11edb5dbb901db49a659dace16ad395) Importer(815301076,1909f56bfc062723c751e8b465ee728b)
Start importing Assets/Prefabs/PlayerListItem.prefab using Guid(d11edb5dbb901db49a659dace16ad395) Importer(815301076,1909f56bfc062723c751e8b465ee728b)  -> (artifact id: '09d1d0c0a7bed4f62c54abd0e6813f55') in 0.007467 seconds
  Import took 0.011463 seconds .

========================================================================
Received Import Request.
  Time since last request: 11.389905 seconds.
  path: Assets/Prefabs/PlayerListItem.prefab
  artifactKey: Guid(d11edb5dbb901db49a659dace16ad395) Importer(815301076,1909f56bfc062723c751e8b465ee728b)
Start importing Assets/Prefabs/PlayerListItem.prefab using Guid(d11edb5dbb901db49a659dace16ad395) Importer(815301076,1909f56bfc062723c751e8b465ee728b)  -> (artifact id: '1e715b060cdb02b6386bfd27d16ffd75') in 0.007300 seconds
  Import took 0.010744 seconds .

========================================================================
Received Import Request.
  Time since last request: 6.815701 seconds.
  path: Assets/Prefabs/PlayerListItem.prefab
  artifactKey: Guid(d11edb5dbb901db49a659dace16ad395) Importer(815301076,1909f56bfc062723c751e8b465ee728b)
Start importing Assets/Prefabs/PlayerListItem.prefab using Guid(d11edb5dbb901db49a659dace16ad395) Importer(815301076,1909f56bfc062723c751e8b465ee728b)  -> (artifact id: 'a86a8f05ff883dc783ce94884fdeb730') in 0.006227 seconds
  Import took 0.009397 seconds .

========================================================================
Received Import Request.
  Time since last request: 91.684798 seconds.
  path: Assets/Prefabs/PlayerListItem.prefab
  artifactKey: Guid(d11edb5dbb901db49a659dace16ad395) Importer(815301076,1909f56bfc062723c751e8b465ee728b)
Start importing Assets/Prefabs/PlayerListItem.prefab using Guid(d11edb5dbb901db49a659dace16ad395) Importer(815301076,1909f56bfc062723c751e8b465ee728b)  -> (artifact id: '122a75283f46c9055349f680731b571b') in 0.006637 seconds
  Import took 0.020958 seconds .

========================================================================
Received Prepare
Registering precompiled user dll's ...
Registered in 0.003058 seconds.
Begin MonoManager ReloadAssembly
Native extension for WindowsStandalone target not found
Refreshing native plugins compatible for Editor in 0.42 ms, found 0 plugins.
Preloading 0 native plugins for Editor in 0.00 ms.
Warning: Annotation not found!
UnityEngine.StackTraceUtility:ExtractStackTrace ()
UnityEditor.ProBuilder.EditorUtility:SetGizmoIconEnabled (System.Type,bool) (at Library/PackageCache/com.unity.probuilder@4.5.0/Editor/EditorCore/EditorUtility.cs:593)
UnityEditor.ProBuilder.HierarchyListener:.cctor () (at Library/PackageCache/com.unity.probuilder@4.5.0/Editor/EditorCore/HierarchyListener.cs:21)
System.Runtime.CompilerServices.RuntimeHelpers:RunClassConstructor (System.RuntimeTypeHandle)
UnityEditor.EditorAssemblies:ProcessInitializeOnLoadAttributes (System.Type[])

[Library/PackageCache/com.unity.probuilder@4.5.0/Editor/EditorCore/EditorUtility.cs line 593]

Invoked RoslynAnalysisRunner static constructor.
RoslynAnalysisRunner will not be running.
RoslynAnalysisRunner has terminated.
Mono: successfully reloaded assembly
- Completed reload, in  0.844 seconds
Platform modules already initialized, skipping
Refreshing native plugins compatible for Editor in 0.43 ms, found 0 plugins.
Preloading 0 native plugins for Editor in 0.00 ms.
Unloading 1949 Unused Serialized files (Serialized files now loaded: 0)
System memory in use before: 100.4 MB.
System memory in use after: 99.9 MB.

Unloading 15 unused Assets to reduce memory usage. Loaded Objects now: 2535.
Total: 9.346900 ms (FindLiveObjects: 0.516700 ms CreateObjectMapping: 0.294000 ms MarkObjects: 7.298000 ms  DeleteObjects: 1.235700 ms)

========================================================================
Received Prepare
Refreshing native plugins compatible for Editor in 1.75 ms, found 0 plugins.
Preloading 0 native plugins for Editor in 0.00 ms.
Unloading 10 Unused Serialized files (Serialized files now loaded: 0)
System memory in use before: 61.4 MB.
System memory in use after: 60.9 MB.

Unloading 10 unused Assets to reduce memory usage. Loaded Objects now: 2535.
Total: 2.757200 ms (FindLiveObjects: 0.219600 ms CreateObjectMapping: 0.087800 ms MarkObjects: 2.113000 ms  DeleteObjects: 0.335700 ms)

========================================================================
Received Import Request.
  Time since last request: 93.412835 seconds.
  path: Assets/Prefabs/material.mat
  artifactKey: Guid(c46cd60a09c01ed458eed224f2a433f6) Importer(815301076,1909f56bfc062723c751e8b465ee728b)
Start importing Assets/Prefabs/material.mat using Guid(c46cd60a09c01ed458eed224f2a433f6) Importer(815301076,1909f56bfc062723c751e8b465ee728b)  -> (artifact id: '6f371bad699b40a8a532733658f4b544') in 0.066919 seconds
  Import took 0.070885 seconds .

========================================================================
Received Import Request.
  Time since last request: 0.000276 seconds.
  path: Assets/Prefabs/material1.mat
  artifactKey: Guid(eff5dd5b9bdf9c040b3d71d31dfe0328) Importer(815301076,1909f56bfc062723c751e8b465ee728b)
Start importing Assets/Prefabs/material1.mat using Guid(eff5dd5b9bdf9c040b3d71d31dfe0328) Importer(815301076,1909f56bfc062723c751e8b465ee728b)  -> (artifact id: '81c8d687beaa4199b3a54d75db8e2bbd') in 0.011012 seconds
  Import took 0.014042 seconds .

========================================================================
Received Import Request.
  Time since last request: 0.301583 seconds.
  path: Assets/Prefabs/material.mat
  artifactKey: Guid(c46cd60a09c01ed458eed224f2a433f6) Importer(815301076,1909f56bfc062723c751e8b465ee728b)
Start importing Assets/Prefabs/material.mat using Guid(c46cd60a09c01ed458eed224f2a433f6) Importer(815301076,1909f56bfc062723c751e8b465ee728b)  -> (artifact id: '6f371bad699b40a8a532733658f4b544') in 0.010485 seconds
  Import took 0.014303 seconds .

AssetImportWorkerClient::OnTransportError - code=2 error=End of file
